#2026 03 23 13:33:18.440#Z#DEBUG#c67417aa-26bc-11f1-89ab-eeee0a92d33d.asset_management-db-deployer#flowable-async-job-executor-thread-6973#
[PollStageAppStatusExecution] acd85843-975e-40cc-b370-fbd6e6fdac87 [2026-03-23T13:32:48.418796] Updated app with guid acd85843-975e-40cc-b370-fbd6e6fdac87 ({"lifecycle"=>{"data"=>{"buildpacks"=>["nodejs_buildpack"]}, "type"=>"buildpack"}}) (STDOUT, API)#
#2026 03 23 13:33:18.440#Z#DEBUG#c67417aa-26bc-11f1-89ab-eeee0a92d33d.asset_management-db-deployer#flowable-async-job-executor-thread-6973#
[PollStageAppStatusExecution] acd85843-975e-40cc-b370-fbd6e6fdac87 [2026-03-23T13:32:48.562269] Updating process: "web" (STDOUT, API)#
#2026 03 23 13:33:18.440#Z#DEBUG#c67417aa-26bc-11f1-89ab-eeee0a92d33d.asset_management-db-deployer#flowable-async-job-executor-thread-6973#
[PollStageAppStatusExecution] acd85843-975e-40cc-b370-fbd6e6fdac87 [2026-03-23T13:32:58.625921] Uploading app package for app with guid acd85843-975e-40cc-b370-fbd6e6fdac87 (STDOUT, API)#
#2026 03 23 13:33:18.440#Z#DEBUG#c67417aa-26bc-11f1-89ab-eeee0a92d33d.asset_management-db-deployer#flowable-async-job-executor-thread-6973#
[PollStageAppStatusExecution] acd85843-975e-40cc-b370-fbd6e6fdac87 [2026-03-23T13:32:58.836934] Updated app with guid acd85843-975e-40cc-b370-fbd6e6fdac87 ({"environment_variables"=>"[PRIVATE DATA HIDDEN]"}) (STDOUT, API)#
#2026 03 23 13:33:18.440#Z#DEBUG#c67417aa-26bc-11f1-89ab-eeee0a92d33d.asset_management-db-deployer#flowable-async-job-executor-thread-6973#
[PollStageAppStatusExecution] acd85843-975e-40cc-b370-fbd6e6fdac87 [2026-03-23T13:33:08.641137] Creating build for app with guid acd85843-975e-40cc-b370-fbd6e6fdac87 (STDOUT, API)#
#2026 03 23 13:33:18.440#Z#DEBUG#c67417aa-26bc-11f1-89ab-eeee0a92d33d.asset_management-db-deployer#flowable-async-job-executor-thread-6973#
[PollStageAppStatusExecution] acd85843-975e-40cc-b370-fbd6e6fdac87 [2026-03-23T13:33:08.964474] Downloading nodejs_buildpack... (STDOUT, STG)#
#2026 03 23 13:33:18.440#Z#DEBUG#c67417aa-26bc-11f1-89ab-eeee0a92d33d.asset_management-db-deployer#flowable-async-job-executor-thread-6973#
[PollStageAppStatusExecution] acd85843-975e-40cc-b370-fbd6e6fdac87 [2026-03-23T13:33:09.021309] Downloaded nodejs_buildpack (STDOUT, STG)#
#2026 03 23 13:33:18.440#Z#DEBUG#c67417aa-26bc-11f1-89ab-eeee0a92d33d.asset_management-db-deployer#flowable-async-job-executor-thread-6973#
[PollStageAppStatusExecution] acd85843-975e-40cc-b370-fbd6e6fdac87 [2026-03-23T13:33:09.021372] Cell 77283d80-dfa7-40ba-ba4e-265aef112085 creating container for instance 64e98679-3b43-4ae3-89d8-d9466f2f2267 (STDOUT, STG)#
#2026 03 23 13:33:18.440#Z#DEBUG#c67417aa-26bc-11f1-89ab-eeee0a92d33d.asset_management-db-deployer#flowable-async-job-executor-thread-6973#
[PollStageAppStatusExecution] acd85843-975e-40cc-b370-fbd6e6fdac87 [2026-03-23T13:33:09.452594] Security group rules were updated (STDOUT, STG)#
#2026 03 23 13:33:18.440#Z#DEBUG#c67417aa-26bc-11f1-89ab-eeee0a92d33d.asset_management-db-deployer#flowable-async-job-executor-thread-6973#
[PollStageAppStatusExecution] acd85843-975e-40cc-b370-fbd6e6fdac87 [2026-03-23T13:33:09.518655] Cell 77283d80-dfa7-40ba-ba4e-265aef112085 successfully created container for instance 64e98679-3b43-4ae3-89d8-d9466f2f2267 (STDOUT, STG)#
#2026 03 23 13:33:18.440#Z#DEBUG#c67417aa-26bc-11f1-89ab-eeee0a92d33d.asset_management-db-deployer#flowable-async-job-executor-thread-6973#
[PollStageAppStatusExecution] acd85843-975e-40cc-b370-fbd6e6fdac87 [2026-03-23T13:33:10.168773] Downloading app package... (STDOUT, STG)#
#2026 03 23 13:33:18.440#Z#DEBUG#c67417aa-26bc-11f1-89ab-eeee0a92d33d.asset_management-db-deployer#flowable-async-job-executor-thread-6973#
[PollStageAppStatusExecution] acd85843-975e-40cc-b370-fbd6e6fdac87 [2026-03-23T13:33:10.168805] Downloading build artifacts cache... (STDOUT, STG)#
#2026 03 23 13:33:18.440#Z#DEBUG#c67417aa-26bc-11f1-89ab-eeee0a92d33d.asset_management-db-deployer#flowable-async-job-executor-thread-6973#
[PollStageAppStatusExecution] acd85843-975e-40cc-b370-fbd6e6fdac87 [2026-03-23T13:33:10.295161] Downloaded build artifacts cache (225B) (STDOUT, STG)#
#2026 03 23 13:33:18.440#Z#DEBUG#c67417aa-26bc-11f1-89ab-eeee0a92d33d.asset_management-db-deployer#flowable-async-job-executor-thread-6973#
[PollStageAppStatusExecution] acd85843-975e-40cc-b370-fbd6e6fdac87 [2026-03-23T13:33:10.528161] Downloaded app package (2.3M) (STDOUT, STG)#
#2026 03 23 13:33:18.440#Z#DEBUG#c67417aa-26bc-11f1-89ab-eeee0a92d33d.asset_management-db-deployer#flowable-async-job-executor-thread-6973#
[PollStageAppStatusExecution] acd85843-975e-40cc-b370-fbd6e6fdac87 [2026-03-23T13:33:10.600664] -----> Nodejs Buildpack version 1.8.44 (STDOUT, STG)#
#2026 03 23 13:33:18.440#Z#DEBUG#c67417aa-26bc-11f1-89ab-eeee0a92d33d.asset_management-db-deployer#flowable-async-job-executor-thread-6973#
[PollStageAppStatusExecution] acd85843-975e-40cc-b370-fbd6e6fdac87 [2026-03-23T13:33:10.694867] -----> Bootstrapping python (STDOUT, STG)#
#2026 03 23 13:33:18.440#Z#DEBUG#c67417aa-26bc-11f1-89ab-eeee0a92d33d.asset_management-db-deployer#flowable-async-job-executor-thread-6973#
[PollStageAppStatusExecution] acd85843-975e-40cc-b370-fbd6e6fdac87 [2026-03-23T13:33:10.694891] -----> Installing python 3.11.14 (STDOUT, STG)#
#2026 03 23 13:33:18.440#Z#DEBUG#c67417aa-26bc-11f1-89ab-eeee0a92d33d.asset_management-db-deployer#flowable-async-job-executor-thread-6973#
[PollStageAppStatusExecution] acd85843-975e-40cc-b370-fbd6e6fdac87 [2026-03-23T13:33:10.695005] Copy [/tmp/buildpacks/978cee5ec9c58000/dependencies/b5e0345ae0ae1932e7d56fffaa49a487/python_3.11.14_linux_x64_cflinuxfs4_66f53248.tgz] (STDOUT, STG)#
#2026 03 23 13:33:18.440#Z#DEBUG#c67417aa-26bc-11f1-89ab-eeee0a92d33d.asset_management-db-deployer#flowable-async-job-executor-thread-6973#
[PollStageAppStatusExecution] acd85843-975e-40cc-b370-fbd6e6fdac87 [2026-03-23T13:33:13.724763] -----> Installing binaries (STDOUT, STG)#
#2026 03 23 13:33:18.440#Z#DEBUG#c67417aa-26bc-11f1-89ab-eeee0a92d33d.asset_management-db-deployer#flowable-async-job-executor-thread-6973#
[PollStageAppStatusExecution] acd85843-975e-40cc-b370-fbd6e6fdac87 [2026-03-23T13:33:13.724891] engines.node (package.json): >=18 (STDOUT, STG)#
#2026 03 23 13:33:18.440#Z#DEBUG#c67417aa-26bc-11f1-89ab-eeee0a92d33d.asset_management-db-deployer#flowable-async-job-executor-thread-6973#
[PollStageAppStatusExecution] acd85843-975e-40cc-b370-fbd6e6fdac87 [2026-03-23T13:33:13.724906] engines.npm (package.json): unspecified (use default) (STDOUT, STG)#
#2026 03 23 13:33:18.440#Z#DEBUG#c67417aa-26bc-11f1-89ab-eeee0a92d33d.asset_management-db-deployer#flowable-async-job-executor-thread-6973#
[PollStageAppStatusExecution] acd85843-975e-40cc-b370-fbd6e6fdac87 [2026-03-23T13:33:13.724925] [31;1m**WARNING**[0m Dangerous semver range (>) in engines.node. See: http://docs.cloudfoundry.org/buildpacks/node/node-tips.html (STDOUT, STG)#
#2026 03 23 13:33:18.440#Z#DEBUG#c67417aa-26bc-11f1-89ab-eeee0a92d33d.asset_management-db-deployer#flowable-async-job-executor-thread-6973#
[PollStageAppStatusExecution] acd85843-975e-40cc-b370-fbd6e6fdac87 [2026-03-23T13:33:13.725007] -----> Installing node 24.13.0 (STDOUT, STG)#
#2026 03 23 13:33:18.440#Z#DEBUG#c67417aa-26bc-11f1-89ab-eeee0a92d33d.asset_management-db-deployer#flowable-async-job-executor-thread-6973#
[PollStageAppStatusExecution] acd85843-975e-40cc-b370-fbd6e6fdac87 [2026-03-23T13:33:13.725080] Copy [/tmp/buildpacks/978cee5ec9c58000/dependencies/2f5692219fecc3eee6e6d507a6bfe7b9/node_24.13.0_linux_x64_cflinuxfs4_a816dee1.tgz] (STDOUT, STG)#
#2026 03 23 13:33:18.440#Z#DEBUG#c67417aa-26bc-11f1-89ab-eeee0a92d33d.asset_management-db-deployer#flowable-async-job-executor-thread-6973#
[PollStageAppStatusExecution] acd85843-975e-40cc-b370-fbd6e6fdac87 [2026-03-23T13:33:15.647879] Using default npm version: 11.6.2 (STDOUT, STG)#
#2026 03 23 13:33:18.440#Z#DEBUG#c67417aa-26bc-11f1-89ab-eeee0a92d33d.asset_management-db-deployer#flowable-async-job-executor-thread-6973#
[PollStageAppStatusExecution] acd85843-975e-40cc-b370-fbd6e6fdac87 [2026-03-23T13:33:15.647896] -----> Installing yarn 1.22.22 (STDOUT, STG)#
#2026 03 23 13:33:18.440#Z#DEBUG#c67417aa-26bc-11f1-89ab-eeee0a92d33d.asset_management-db-deployer#flowable-async-job-executor-thread-6973#
[PollStageAppStatusExecution] acd85843-975e-40cc-b370-fbd6e6fdac87 [2026-03-23T13:33:15.647931] Copy [/tmp/buildpacks/978cee5ec9c58000/dependencies/e3a39aedd1236924d69cc2d0637a8ed2/yarn_1.22.22_linux_noarch_any-stack_4911d0a6.tgz] (STDOUT, STG)#
#2026 03 23 13:33:18.440#Z#DEBUG#c67417aa-26bc-11f1-89ab-eeee0a92d33d.asset_management-db-deployer#flowable-async-job-executor-thread-6973#
[PollStageAppStatusExecution] acd85843-975e-40cc-b370-fbd6e6fdac87 [2026-03-23T13:33:15.910132] Installed yarn 1.22.22 (STDOUT, STG)#
#2026 03 23 13:33:18.440#Z#DEBUG#c67417aa-26bc-11f1-89ab-eeee0a92d33d.asset_management-db-deployer#flowable-async-job-executor-thread-6973#
[PollStageAppStatusExecution] acd85843-975e-40cc-b370-fbd6e6fdac87 [2026-03-23T13:33:15.910154] -----> Creating runtime environment (STDOUT, STG)#
#2026 03 23 13:33:18.440#Z#DEBUG#c67417aa-26bc-11f1-89ab-eeee0a92d33d.asset_management-db-deployer#flowable-async-job-executor-thread-6973#
[PollStageAppStatusExecution] acd85843-975e-40cc-b370-fbd6e6fdac87 [2026-03-23T13:33:15.911895] NODE_ENV=production (STDOUT, STG)#
#2026 03 23 13:33:18.440#Z#DEBUG#c67417aa-26bc-11f1-89ab-eeee0a92d33d.asset_management-db-deployer#flowable-async-job-executor-thread-6973#
[PollStageAppStatusExecution] acd85843-975e-40cc-b370-fbd6e6fdac87 [2026-03-23T13:33:15.911921] NODE_HOME=/tmp/contents4118939552/deps/0/node (STDOUT, STG)#
#2026 03 23 13:33:18.440#Z#DEBUG#c67417aa-26bc-11f1-89ab-eeee0a92d33d.asset_management-db-deployer#flowable-async-job-executor-thread-6973#
[PollStageAppStatusExecution] acd85843-975e-40cc-b370-fbd6e6fdac87 [2026-03-23T13:33:15.911943] NODE_MODULES_CACHE=true (STDOUT, STG)#
#2026 03 23 13:33:18.440#Z#DEBUG#c67417aa-26bc-11f1-89ab-eeee0a92d33d.asset_management-db-deployer#flowable-async-job-executor-thread-6973#
[PollStageAppStatusExecution] acd85843-975e-40cc-b370-fbd6e6fdac87 [2026-03-23T13:33:15.911947] NODE_VERBOSE=false (STDOUT, STG)#
#2026 03 23 13:33:18.440#Z#DEBUG#c67417aa-26bc-11f1-89ab-eeee0a92d33d.asset_management-db-deployer#flowable-async-job-executor-thread-6973#
[PollStageAppStatusExecution] acd85843-975e-40cc-b370-fbd6e6fdac87 [2026-03-23T13:33:15.911950] NPM_CONFIG_LOGLEVEL=error (STDOUT, STG)#
#2026 03 23 13:33:18.440#Z#DEBUG#c67417aa-26bc-11f1-89ab-eeee0a92d33d.asset_management-db-deployer#flowable-async-job-executor-thread-6973#
[PollStageAppStatusExecution] acd85843-975e-40cc-b370-fbd6e6fdac87 [2026-03-23T13:33:15.911952] NPM_CONFIG_PRODUCTION=true (STDOUT, STG)#
#2026 03 23 13:33:18.440#Z#DEBUG#c67417aa-26bc-11f1-89ab-eeee0a92d33d.asset_management-db-deployer#flowable-async-job-executor-thread-6973#
[PollStageAppStatusExecution] acd85843-975e-40cc-b370-fbd6e6fdac87 [2026-03-23T13:33:15.911953] -----> Building dependencies (STDOUT, STG)#
#2026 03 23 13:33:18.440#Z#DEBUG#c67417aa-26bc-11f1-89ab-eeee0a92d33d.asset_management-db-deployer#flowable-async-job-executor-thread-6973#
[PollStageAppStatusExecution] acd85843-975e-40cc-b370-fbd6e6fdac87 [2026-03-23T13:33:15.911955] Prebuild detected (node_modules already exists) (STDOUT, STG)#
#2026 03 23 13:33:18.440#Z#DEBUG#c67417aa-26bc-11f1-89ab-eeee0a92d33d.asset_management-db-deployer#flowable-async-job-executor-thread-6973#
[PollStageAppStatusExecution] acd85843-975e-40cc-b370-fbd6e6fdac87 [2026-03-23T13:33:15.911957] Rebuilding any native modules (STDOUT, STG)#
#2026 03 23 13:33:18.440#Z#DEBUG#c67417aa-26bc-11f1-89ab-eeee0a92d33d.asset_management-db-deployer#flowable-async-job-executor-thread-6973#
[PollStageAppStatusExecution] acd85843-975e-40cc-b370-fbd6e6fdac87 [2026-03-23T13:33:16.325594] rebuilt dependencies successfully (STDOUT, STG)#
#2026 03 23 13:33:18.440#Z#DEBUG#c67417aa-26bc-11f1-89ab-eeee0a92d33d.asset_management-db-deployer#flowable-async-job-executor-thread-6973#
[PollStageAppStatusExecution] acd85843-975e-40cc-b370-fbd6e6fdac87 [2026-03-23T13:33:16.380060] Installing any new modules (package.json + package-lock.json) (STDOUT, STG)#
#2026 03 23 13:33:18.440#Z#DEBUG#c67417aa-26bc-11f1-89ab-eeee0a92d33d.asset_management-db-deployer#flowable-async-job-executor-thread-6973#
[PollStageAppStatusExecution] acd85843-975e-40cc-b370-fbd6e6fdac87 [2026-03-23T13:33:16.736746] up to date in 293ms (STDOUT, STG)#
#2026 03 23 13:33:18.440#Z#DEBUG#c67417aa-26bc-11f1-89ab-eeee0a92d33d.asset_management-db-deployer#flowable-async-job-executor-thread-6973#
[PollStageAppStatusExecution] acd85843-975e-40cc-b370-fbd6e6fdac87 [2026-03-23T13:33:16.737072] 4 packages are looking for funding (STDOUT, STG)#
#2026 03 23 13:33:18.440#Z#DEBUG#c67417aa-26bc-11f1-89ab-eeee0a92d33d.asset_management-db-deployer#flowable-async-job-executor-thread-6973#
[PollStageAppStatusExecution] acd85843-975e-40cc-b370-fbd6e6fdac87 [2026-03-23T13:33:16.737264] run `npm fund` for details (STDOUT, STG)#
#2026 03 23 13:33:18.440#Z#DEBUG#c67417aa-26bc-11f1-89ab-eeee0a92d33d.asset_management-db-deployer#flowable-async-job-executor-thread-6973#
[PollStageAppStatusExecution] acd85843-975e-40cc-b370-fbd6e6fdac87 [2026-03-23T13:33:17.149087] Contrast Security no credentials found. Will not write environment files. (STDOUT, STG)#
#2026 03 23 13:33:28.534#Z#DEBUG#c67417aa-26bc-11f1-89ab-eeee0a92d33d.asset_management-db-deployer#flowable-async-job-executor-thread-5589#
[PollStageAppStatusExecution] acd85843-975e-40cc-b370-fbd6e6fdac87 [2026-03-23T13:33:24.848735] Exit status 0 (STDOUT, STG)#
#2026 03 23 13:33:28.534#Z#DEBUG#c67417aa-26bc-11f1-89ab-eeee0a92d33d.asset_management-db-deployer#flowable-async-job-executor-thread-5589#
[PollStageAppStatusExecution] acd85843-975e-40cc-b370-fbd6e6fdac87 [2026-03-23T13:33:24.848775] Uploading droplet, build artifacts cache... (STDOUT, STG)#
#2026 03 23 13:33:28.534#Z#DEBUG#c67417aa-26bc-11f1-89ab-eeee0a92d33d.asset_management-db-deployer#flowable-async-job-executor-thread-5589#
[PollStageAppStatusExecution] acd85843-975e-40cc-b370-fbd6e6fdac87 [2026-03-23T13:33:24.848807] Uploading droplet... (STDOUT, STG)#
#2026 03 23 13:33:28.534#Z#DEBUG#c67417aa-26bc-11f1-89ab-eeee0a92d33d.asset_management-db-deployer#flowable-async-job-executor-thread-5589#
[PollStageAppStatusExecution] acd85843-975e-40cc-b370-fbd6e6fdac87 [2026-03-23T13:33:24.848832] Uploading build artifacts cache... (STDOUT, STG)#
#2026 03 23 13:33:28.534#Z#DEBUG#c67417aa-26bc-11f1-89ab-eeee0a92d33d.asset_management-db-deployer#flowable-async-job-executor-thread-5589#
[PollStageAppStatusExecution] acd85843-975e-40cc-b370-fbd6e6fdac87 [2026-03-23T13:33:24.864940] Uploaded build artifacts cache (228B) (STDOUT, STG)#
#2026 03 23 13:33:28.534#Z#DEBUG#c67417aa-26bc-11f1-89ab-eeee0a92d33d.asset_management-db-deployer#flowable-async-job-executor-thread-5589#
[PollStageAppStatusExecution] acd85843-975e-40cc-b370-fbd6e6fdac87 [2026-03-23T13:33:25.468874] Creating droplet for app with guid acd85843-975e-40cc-b370-fbd6e6fdac87 (STDOUT, API)#
#2026 03 23 13:33:28.534#Z#DEBUG#c67417aa-26bc-11f1-89ab-eeee0a92d33d.asset_management-db-deployer#flowable-async-job-executor-thread-5589#
[PollStageAppStatusExecution] acd85843-975e-40cc-b370-fbd6e6fdac87 [2026-03-23T13:33:27.534061] Uploaded droplet (58.4M) (STDOUT, STG)#
#2026 03 23 13:33:28.534#Z#DEBUG#c67417aa-26bc-11f1-89ab-eeee0a92d33d.asset_management-db-deployer#flowable-async-job-executor-thread-5589#
[PollStageAppStatusExecution] acd85843-975e-40cc-b370-fbd6e6fdac87 [2026-03-23T13:33:27.550009] Uploading complete (STDOUT, STG)#
#2026 03 23 13:33:28.534#Z#DEBUG#c67417aa-26bc-11f1-89ab-eeee0a92d33d.asset_management-db-deployer#flowable-async-job-executor-thread-5589#
[PollStageAppStatusExecution] acd85843-975e-40cc-b370-fbd6e6fdac87 [2026-03-23T13:33:28.182815] Cell 77283d80-dfa7-40ba-ba4e-265aef112085 stopping instance 64e98679-3b43-4ae3-89d8-d9466f2f2267 (STDOUT, STG)#
#2026 03 23 13:33:28.534#Z#DEBUG#c67417aa-26bc-11f1-89ab-eeee0a92d33d.asset_management-db-deployer#flowable-async-job-executor-thread-5589#
[PollStageAppStatusExecution] acd85843-975e-40cc-b370-fbd6e6fdac87 [2026-03-23T13:33:28.182848] Cell 77283d80-dfa7-40ba-ba4e-265aef112085 destroying container for instance 64e98679-3b43-4ae3-89d8-d9466f2f2267 (STDOUT, STG)#
#2026 03 23 13:33:38.608#Z#DEBUG#c67417aa-26bc-11f1-89ab-eeee0a92d33d.asset_management-db-deployer#flowable-async-job-executor-thread-5594#
[PollExecuteTaskStatusExecution] acd85843-975e-40cc-b370-fbd6e6fdac87 [2026-03-23T13:32:48.418796] Updated app with guid acd85843-975e-40cc-b370-fbd6e6fdac87 ({"lifecycle"=>{"data"=>{"buildpacks"=>["nodejs_buildpack"]}, "type"=>"buildpack"}}) (STDOUT, API)#
#2026 03 23 13:33:38.608#Z#DEBUG#c67417aa-26bc-11f1-89ab-eeee0a92d33d.asset_management-db-deployer#flowable-async-job-executor-thread-5594#
[PollExecuteTaskStatusExecution] acd85843-975e-40cc-b370-fbd6e6fdac87 [2026-03-23T13:32:48.562269] Updating process: "web" (STDOUT, API)#
#2026 03 23 13:33:38.608#Z#DEBUG#c67417aa-26bc-11f1-89ab-eeee0a92d33d.asset_management-db-deployer#flowable-async-job-executor-thread-5594#
[PollExecuteTaskStatusExecution] acd85843-975e-40cc-b370-fbd6e6fdac87 [2026-03-23T13:32:58.625921] Uploading app package for app with guid acd85843-975e-40cc-b370-fbd6e6fdac87 (STDOUT, API)#
#2026 03 23 13:33:38.608#Z#DEBUG#c67417aa-26bc-11f1-89ab-eeee0a92d33d.asset_management-db-deployer#flowable-async-job-executor-thread-5594#
[PollExecuteTaskStatusExecution] acd85843-975e-40cc-b370-fbd6e6fdac87 [2026-03-23T13:32:58.836934] Updated app with guid acd85843-975e-40cc-b370-fbd6e6fdac87 ({"environment_variables"=>"[PRIVATE DATA HIDDEN]"}) (STDOUT, API)#
#2026 03 23 13:33:38.608#Z#DEBUG#c67417aa-26bc-11f1-89ab-eeee0a92d33d.asset_management-db-deployer#flowable-async-job-executor-thread-5594#
[PollExecuteTaskStatusExecution] acd85843-975e-40cc-b370-fbd6e6fdac87 [2026-03-23T13:33:08.641137] Creating build for app with guid acd85843-975e-40cc-b370-fbd6e6fdac87 (STDOUT, API)#
#2026 03 23 13:33:38.608#Z#DEBUG#c67417aa-26bc-11f1-89ab-eeee0a92d33d.asset_management-db-deployer#flowable-async-job-executor-thread-5594#
[PollExecuteTaskStatusExecution] acd85843-975e-40cc-b370-fbd6e6fdac87 [2026-03-23T13:33:08.964474] Downloading nodejs_buildpack... (STDOUT, STG)#
#2026 03 23 13:33:38.608#Z#DEBUG#c67417aa-26bc-11f1-89ab-eeee0a92d33d.asset_management-db-deployer#flowable-async-job-executor-thread-5594#
[PollExecuteTaskStatusExecution] acd85843-975e-40cc-b370-fbd6e6fdac87 [2026-03-23T13:33:09.021309] Downloaded nodejs_buildpack (STDOUT, STG)#
#2026 03 23 13:33:38.608#Z#DEBUG#c67417aa-26bc-11f1-89ab-eeee0a92d33d.asset_management-db-deployer#flowable-async-job-executor-thread-5594#
[PollExecuteTaskStatusExecution] acd85843-975e-40cc-b370-fbd6e6fdac87 [2026-03-23T13:33:09.021372] Cell 77283d80-dfa7-40ba-ba4e-265aef112085 creating container for instance 64e98679-3b43-4ae3-89d8-d9466f2f2267 (STDOUT, STG)#
#2026 03 23 13:33:38.608#Z#DEBUG#c67417aa-26bc-11f1-89ab-eeee0a92d33d.asset_management-db-deployer#flowable-async-job-executor-thread-5594#
[PollExecuteTaskStatusExecution] acd85843-975e-40cc-b370-fbd6e6fdac87 [2026-03-23T13:33:09.452594] Security group rules were updated (STDOUT, STG)#
#2026 03 23 13:33:38.608#Z#DEBUG#c67417aa-26bc-11f1-89ab-eeee0a92d33d.asset_management-db-deployer#flowable-async-job-executor-thread-5594#
[PollExecuteTaskStatusExecution] acd85843-975e-40cc-b370-fbd6e6fdac87 [2026-03-23T13:33:09.518655] Cell 77283d80-dfa7-40ba-ba4e-265aef112085 successfully created container for instance 64e98679-3b43-4ae3-89d8-d9466f2f2267 (STDOUT, STG)#
#2026 03 23 13:33:38.608#Z#DEBUG#c67417aa-26bc-11f1-89ab-eeee0a92d33d.asset_management-db-deployer#flowable-async-job-executor-thread-5594#
[PollExecuteTaskStatusExecution] acd85843-975e-40cc-b370-fbd6e6fdac87 [2026-03-23T13:33:10.168773] Downloading app package... (STDOUT, STG)#
#2026 03 23 13:33:38.608#Z#DEBUG#c67417aa-26bc-11f1-89ab-eeee0a92d33d.asset_management-db-deployer#flowable-async-job-executor-thread-5594#
[PollExecuteTaskStatusExecution] acd85843-975e-40cc-b370-fbd6e6fdac87 [2026-03-23T13:33:10.168805] Downloading build artifacts cache... (STDOUT, STG)#
#2026 03 23 13:33:38.608#Z#DEBUG#c67417aa-26bc-11f1-89ab-eeee0a92d33d.asset_management-db-deployer#flowable-async-job-executor-thread-5594#
[PollExecuteTaskStatusExecution] acd85843-975e-40cc-b370-fbd6e6fdac87 [2026-03-23T13:33:10.295161] Downloaded build artifacts cache (225B) (STDOUT, STG)#
#2026 03 23 13:33:38.608#Z#DEBUG#c67417aa-26bc-11f1-89ab-eeee0a92d33d.asset_management-db-deployer#flowable-async-job-executor-thread-5594#
[PollExecuteTaskStatusExecution] acd85843-975e-40cc-b370-fbd6e6fdac87 [2026-03-23T13:33:10.528161] Downloaded app package (2.3M) (STDOUT, STG)#
#2026 03 23 13:33:38.608#Z#DEBUG#c67417aa-26bc-11f1-89ab-eeee0a92d33d.asset_management-db-deployer#flowable-async-job-executor-thread-5594#
[PollExecuteTaskStatusExecution] acd85843-975e-40cc-b370-fbd6e6fdac87 [2026-03-23T13:33:10.600664] -----> Nodejs Buildpack version 1.8.44 (STDOUT, STG)#
#2026 03 23 13:33:38.608#Z#DEBUG#c67417aa-26bc-11f1-89ab-eeee0a92d33d.asset_management-db-deployer#flowable-async-job-executor-thread-5594#
[PollExecuteTaskStatusExecution] acd85843-975e-40cc-b370-fbd6e6fdac87 [2026-03-23T13:33:10.694867] -----> Bootstrapping python (STDOUT, STG)#
#2026 03 23 13:33:38.608#Z#DEBUG#c67417aa-26bc-11f1-89ab-eeee0a92d33d.asset_management-db-deployer#flowable-async-job-executor-thread-5594#
[PollExecuteTaskStatusExecution] acd85843-975e-40cc-b370-fbd6e6fdac87 [2026-03-23T13:33:10.694891] -----> Installing python 3.11.14 (STDOUT, STG)#
#2026 03 23 13:33:38.608#Z#DEBUG#c67417aa-26bc-11f1-89ab-eeee0a92d33d.asset_management-db-deployer#flowable-async-job-executor-thread-5594#
[PollExecuteTaskStatusExecution] acd85843-975e-40cc-b370-fbd6e6fdac87 [2026-03-23T13:33:10.695005] Copy [/tmp/buildpacks/978cee5ec9c58000/dependencies/b5e0345ae0ae1932e7d56fffaa49a487/python_3.11.14_linux_x64_cflinuxfs4_66f53248.tgz] (STDOUT, STG)#
#2026 03 23 13:33:38.608#Z#DEBUG#c67417aa-26bc-11f1-89ab-eeee0a92d33d.asset_management-db-deployer#flowable-async-job-executor-thread-5594#
[PollExecuteTaskStatusExecution] acd85843-975e-40cc-b370-fbd6e6fdac87 [2026-03-23T13:33:13.724763] -----> Installing binaries (STDOUT, STG)#
#2026 03 23 13:33:38.608#Z#DEBUG#c67417aa-26bc-11f1-89ab-eeee0a92d33d.asset_management-db-deployer#flowable-async-job-executor-thread-5594#
[PollExecuteTaskStatusExecution] acd85843-975e-40cc-b370-fbd6e6fdac87 [2026-03-23T13:33:13.724891] engines.node (package.json): >=18 (STDOUT, STG)#
#2026 03 23 13:33:38.608#Z#DEBUG#c67417aa-26bc-11f1-89ab-eeee0a92d33d.asset_management-db-deployer#flowable-async-job-executor-thread-5594#
[PollExecuteTaskStatusExecution] acd85843-975e-40cc-b370-fbd6e6fdac87 [2026-03-23T13:33:13.724906] engines.npm (package.json): unspecified (use default) (STDOUT, STG)#
#2026 03 23 13:33:38.608#Z#DEBUG#c67417aa-26bc-11f1-89ab-eeee0a92d33d.asset_management-db-deployer#flowable-async-job-executor-thread-5594#
[PollExecuteTaskStatusExecution] acd85843-975e-40cc-b370-fbd6e6fdac87 [2026-03-23T13:33:13.724925] [31;1m**WARNING**[0m Dangerous semver range (>) in engines.node. See: http://docs.cloudfoundry.org/buildpacks/node/node-tips.html (STDOUT, STG)#
#2026 03 23 13:33:38.608#Z#DEBUG#c67417aa-26bc-11f1-89ab-eeee0a92d33d.asset_management-db-deployer#flowable-async-job-executor-thread-5594#
[PollExecuteTaskStatusExecution] acd85843-975e-40cc-b370-fbd6e6fdac87 [2026-03-23T13:33:13.725007] -----> Installing node 24.13.0 (STDOUT, STG)#
#2026 03 23 13:33:38.608#Z#DEBUG#c67417aa-26bc-11f1-89ab-eeee0a92d33d.asset_management-db-deployer#flowable-async-job-executor-thread-5594#
[PollExecuteTaskStatusExecution] acd85843-975e-40cc-b370-fbd6e6fdac87 [2026-03-23T13:33:13.725080] Copy [/tmp/buildpacks/978cee5ec9c58000/dependencies/2f5692219fecc3eee6e6d507a6bfe7b9/node_24.13.0_linux_x64_cflinuxfs4_a816dee1.tgz] (STDOUT, STG)#
#2026 03 23 13:33:38.608#Z#DEBUG#c67417aa-26bc-11f1-89ab-eeee0a92d33d.asset_management-db-deployer#flowable-async-job-executor-thread-5594#
[PollExecuteTaskStatusExecution] acd85843-975e-40cc-b370-fbd6e6fdac87 [2026-03-23T13:33:15.647879] Using default npm version: 11.6.2 (STDOUT, STG)#
#2026 03 23 13:33:38.608#Z#DEBUG#c67417aa-26bc-11f1-89ab-eeee0a92d33d.asset_management-db-deployer#flowable-async-job-executor-thread-5594#
[PollExecuteTaskStatusExecution] acd85843-975e-40cc-b370-fbd6e6fdac87 [2026-03-23T13:33:15.647896] -----> Installing yarn 1.22.22 (STDOUT, STG)#
#2026 03 23 13:33:38.608#Z#DEBUG#c67417aa-26bc-11f1-89ab-eeee0a92d33d.asset_management-db-deployer#flowable-async-job-executor-thread-5594#
[PollExecuteTaskStatusExecution] acd85843-975e-40cc-b370-fbd6e6fdac87 [2026-03-23T13:33:15.647931] Copy [/tmp/buildpacks/978cee5ec9c58000/dependencies/e3a39aedd1236924d69cc2d0637a8ed2/yarn_1.22.22_linux_noarch_any-stack_4911d0a6.tgz] (STDOUT, STG)#
#2026 03 23 13:33:38.608#Z#DEBUG#c67417aa-26bc-11f1-89ab-eeee0a92d33d.asset_management-db-deployer#flowable-async-job-executor-thread-5594#
[PollExecuteTaskStatusExecution] acd85843-975e-40cc-b370-fbd6e6fdac87 [2026-03-23T13:33:15.910132] Installed yarn 1.22.22 (STDOUT, STG)#
#2026 03 23 13:33:38.608#Z#DEBUG#c67417aa-26bc-11f1-89ab-eeee0a92d33d.asset_management-db-deployer#flowable-async-job-executor-thread-5594#
[PollExecuteTaskStatusExecution] acd85843-975e-40cc-b370-fbd6e6fdac87 [2026-03-23T13:33:15.910154] -----> Creating runtime environment (STDOUT, STG)#
#2026 03 23 13:33:38.608#Z#DEBUG#c67417aa-26bc-11f1-89ab-eeee0a92d33d.asset_management-db-deployer#flowable-async-job-executor-thread-5594#
[PollExecuteTaskStatusExecution] acd85843-975e-40cc-b370-fbd6e6fdac87 [2026-03-23T13:33:15.911895] NODE_ENV=production (STDOUT, STG)#
#2026 03 23 13:33:38.608#Z#DEBUG#c67417aa-26bc-11f1-89ab-eeee0a92d33d.asset_management-db-deployer#flowable-async-job-executor-thread-5594#
[PollExecuteTaskStatusExecution] acd85843-975e-40cc-b370-fbd6e6fdac87 [2026-03-23T13:33:15.911921] NODE_HOME=/tmp/contents4118939552/deps/0/node (STDOUT, STG)#
#2026 03 23 13:33:38.608#Z#DEBUG#c67417aa-26bc-11f1-89ab-eeee0a92d33d.asset_management-db-deployer#flowable-async-job-executor-thread-5594#
[PollExecuteTaskStatusExecution] acd85843-975e-40cc-b370-fbd6e6fdac87 [2026-03-23T13:33:15.911943] NODE_MODULES_CACHE=true (STDOUT, STG)#
#2026 03 23 13:33:38.608#Z#DEBUG#c67417aa-26bc-11f1-89ab-eeee0a92d33d.asset_management-db-deployer#flowable-async-job-executor-thread-5594#
[PollExecuteTaskStatusExecution] acd85843-975e-40cc-b370-fbd6e6fdac87 [2026-03-23T13:33:15.911947] NODE_VERBOSE=false (STDOUT, STG)#
#2026 03 23 13:33:38.608#Z#DEBUG#c67417aa-26bc-11f1-89ab-eeee0a92d33d.asset_management-db-deployer#flowable-async-job-executor-thread-5594#
[PollExecuteTaskStatusExecution] acd85843-975e-40cc-b370-fbd6e6fdac87 [2026-03-23T13:33:15.911950] NPM_CONFIG_LOGLEVEL=error (STDOUT, STG)#
#2026 03 23 13:33:38.608#Z#DEBUG#c67417aa-26bc-11f1-89ab-eeee0a92d33d.asset_management-db-deployer#flowable-async-job-executor-thread-5594#
[PollExecuteTaskStatusExecution] acd85843-975e-40cc-b370-fbd6e6fdac87 [2026-03-23T13:33:15.911952] NPM_CONFIG_PRODUCTION=true (STDOUT, STG)#
#2026 03 23 13:33:38.608#Z#DEBUG#c67417aa-26bc-11f1-89ab-eeee0a92d33d.asset_management-db-deployer#flowable-async-job-executor-thread-5594#
[PollExecuteTaskStatusExecution] acd85843-975e-40cc-b370-fbd6e6fdac87 [2026-03-23T13:33:15.911953] -----> Building dependencies (STDOUT, STG)#
#2026 03 23 13:33:38.608#Z#DEBUG#c67417aa-26bc-11f1-89ab-eeee0a92d33d.asset_management-db-deployer#flowable-async-job-executor-thread-5594#
[PollExecuteTaskStatusExecution] acd85843-975e-40cc-b370-fbd6e6fdac87 [2026-03-23T13:33:15.911955] Prebuild detected (node_modules already exists) (STDOUT, STG)#
#2026 03 23 13:33:38.608#Z#DEBUG#c67417aa-26bc-11f1-89ab-eeee0a92d33d.asset_management-db-deployer#flowable-async-job-executor-thread-5594#
[PollExecuteTaskStatusExecution] acd85843-975e-40cc-b370-fbd6e6fdac87 [2026-03-23T13:33:15.911957] Rebuilding any native modules (STDOUT, STG)#
#2026 03 23 13:33:38.608#Z#DEBUG#c67417aa-26bc-11f1-89ab-eeee0a92d33d.asset_management-db-deployer#flowable-async-job-executor-thread-5594#
[PollExecuteTaskStatusExecution] acd85843-975e-40cc-b370-fbd6e6fdac87 [2026-03-23T13:33:16.325594] rebuilt dependencies successfully (STDOUT, STG)#
#2026 03 23 13:33:38.608#Z#DEBUG#c67417aa-26bc-11f1-89ab-eeee0a92d33d.asset_management-db-deployer#flowable-async-job-executor-thread-5594#
[PollExecuteTaskStatusExecution] acd85843-975e-40cc-b370-fbd6e6fdac87 [2026-03-23T13:33:16.380060] Installing any new modules (package.json + package-lock.json) (STDOUT, STG)#
#2026 03 23 13:33:38.609#Z#DEBUG#c67417aa-26bc-11f1-89ab-eeee0a92d33d.asset_management-db-deployer#flowable-async-job-executor-thread-5594#
[PollExecuteTaskStatusExecution] acd85843-975e-40cc-b370-fbd6e6fdac87 [2026-03-23T13:33:16.736746] up to date in 293ms (STDOUT, STG)#
#2026 03 23 13:33:38.609#Z#DEBUG#c67417aa-26bc-11f1-89ab-eeee0a92d33d.asset_management-db-deployer#flowable-async-job-executor-thread-5594#
[PollExecuteTaskStatusExecution] acd85843-975e-40cc-b370-fbd6e6fdac87 [2026-03-23T13:33:16.737072] 4 packages are looking for funding (STDOUT, STG)#
#2026 03 23 13:33:38.609#Z#DEBUG#c67417aa-26bc-11f1-89ab-eeee0a92d33d.asset_management-db-deployer#flowable-async-job-executor-thread-5594#
[PollExecuteTaskStatusExecution] acd85843-975e-40cc-b370-fbd6e6fdac87 [2026-03-23T13:33:16.737264] run `npm fund` for details (STDOUT, STG)#
#2026 03 23 13:33:38.609#Z#DEBUG#c67417aa-26bc-11f1-89ab-eeee0a92d33d.asset_management-db-deployer#flowable-async-job-executor-thread-5594#
[PollExecuteTaskStatusExecution] acd85843-975e-40cc-b370-fbd6e6fdac87 [2026-03-23T13:33:17.149087] Contrast Security no credentials found. Will not write environment files. (STDOUT, STG)#
#2026 03 23 13:33:38.609#Z#DEBUG#c67417aa-26bc-11f1-89ab-eeee0a92d33d.asset_management-db-deployer#flowable-async-job-executor-thread-5594#
[PollExecuteTaskStatusExecution] acd85843-975e-40cc-b370-fbd6e6fdac87 [2026-03-23T13:33:24.848735] Exit status 0 (STDOUT, STG)#
#2026 03 23 13:33:38.609#Z#DEBUG#c67417aa-26bc-11f1-89ab-eeee0a92d33d.asset_management-db-deployer#flowable-async-job-executor-thread-5594#
[PollExecuteTaskStatusExecution] acd85843-975e-40cc-b370-fbd6e6fdac87 [2026-03-23T13:33:24.848775] Uploading droplet, build artifacts cache... (STDOUT, STG)#
#2026 03 23 13:33:38.609#Z#DEBUG#c67417aa-26bc-11f1-89ab-eeee0a92d33d.asset_management-db-deployer#flowable-async-job-executor-thread-5594#
[PollExecuteTaskStatusExecution] acd85843-975e-40cc-b370-fbd6e6fdac87 [2026-03-23T13:33:24.848807] Uploading droplet... (STDOUT, STG)#
#2026 03 23 13:33:38.609#Z#DEBUG#c67417aa-26bc-11f1-89ab-eeee0a92d33d.asset_management-db-deployer#flowable-async-job-executor-thread-5594#
[PollExecuteTaskStatusExecution] acd85843-975e-40cc-b370-fbd6e6fdac87 [2026-03-23T13:33:24.848832] Uploading build artifacts cache... (STDOUT, STG)#
#2026 03 23 13:33:38.609#Z#DEBUG#c67417aa-26bc-11f1-89ab-eeee0a92d33d.asset_management-db-deployer#flowable-async-job-executor-thread-5594#
[PollExecuteTaskStatusExecution] acd85843-975e-40cc-b370-fbd6e6fdac87 [2026-03-23T13:33:24.864940] Uploaded build artifacts cache (228B) (STDOUT, STG)#
#2026 03 23 13:33:38.609#Z#DEBUG#c67417aa-26bc-11f1-89ab-eeee0a92d33d.asset_management-db-deployer#flowable-async-job-executor-thread-5594#
[PollExecuteTaskStatusExecution] acd85843-975e-40cc-b370-fbd6e6fdac87 [2026-03-23T13:33:25.468874] Creating droplet for app with guid acd85843-975e-40cc-b370-fbd6e6fdac87 (STDOUT, API)#
#2026 03 23 13:33:38.609#Z#DEBUG#c67417aa-26bc-11f1-89ab-eeee0a92d33d.asset_management-db-deployer#flowable-async-job-executor-thread-5594#
[PollExecuteTaskStatusExecution] acd85843-975e-40cc-b370-fbd6e6fdac87 [2026-03-23T13:33:27.534061] Uploaded droplet (58.4M) (STDOUT, STG)#
#2026 03 23 13:33:38.609#Z#DEBUG#c67417aa-26bc-11f1-89ab-eeee0a92d33d.asset_management-db-deployer#flowable-async-job-executor-thread-5594#
[PollExecuteTaskStatusExecution] acd85843-975e-40cc-b370-fbd6e6fdac87 [2026-03-23T13:33:27.550009] Uploading complete (STDOUT, STG)#
#2026 03 23 13:33:38.609#Z#DEBUG#c67417aa-26bc-11f1-89ab-eeee0a92d33d.asset_management-db-deployer#flowable-async-job-executor-thread-5594#
[PollExecuteTaskStatusExecution] acd85843-975e-40cc-b370-fbd6e6fdac87 [2026-03-23T13:33:28.182815] Cell 77283d80-dfa7-40ba-ba4e-265aef112085 stopping instance 64e98679-3b43-4ae3-89d8-d9466f2f2267 (STDOUT, STG)#
#2026 03 23 13:33:38.609#Z#DEBUG#c67417aa-26bc-11f1-89ab-eeee0a92d33d.asset_management-db-deployer#flowable-async-job-executor-thread-5594#
[PollExecuteTaskStatusExecution] acd85843-975e-40cc-b370-fbd6e6fdac87 [2026-03-23T13:33:28.182848] Cell 77283d80-dfa7-40ba-ba4e-265aef112085 destroying container for instance 64e98679-3b43-4ae3-89d8-d9466f2f2267 (STDOUT, STG)#
#2026 03 23 13:33:38.609#Z#DEBUG#c67417aa-26bc-11f1-89ab-eeee0a92d33d.asset_management-db-deployer#flowable-async-job-executor-thread-5594#
[PollExecuteTaskStatusExecution] acd85843-975e-40cc-b370-fbd6e6fdac87 [2026-03-23T13:33:28.236419] Staging complete for build 64e98679-3b43-4ae3-89d8-d9466f2f2267 (STDOUT, API)#
#2026 03 23 13:33:38.609#Z#DEBUG#c67417aa-26bc-11f1-89ab-eeee0a92d33d.asset_management-db-deployer#flowable-async-job-executor-thread-5594#
[PollExecuteTaskStatusExecution] acd85843-975e-40cc-b370-fbd6e6fdac87 [2026-03-23T13:33:28.615022] Updated app with guid acd85843-975e-40cc-b370-fbd6e6fdac87 ({:droplet_guid=>"b5032dde-9454-43e3-a4d2-ddcbb38127ca"}) (STDOUT, API)#
#2026 03 23 13:33:38.609#Z#DEBUG#c67417aa-26bc-11f1-89ab-eeee0a92d33d.asset_management-db-deployer#flowable-async-job-executor-thread-5594#
[PollExecuteTaskStatusExecution] acd85843-975e-40cc-b370-fbd6e6fdac87 [2026-03-23T13:33:29.160740] Cell d1cc041a-d5a1-41d6-b9f6-6cda736ce3f0 creating container for instance 429c7689-1e16-4ed3-a8ac-06acd0bb4b12 (STDOUT, CELL)#
#2026 03 23 13:33:38.609#Z#DEBUG#c67417aa-26bc-11f1-89ab-eeee0a92d33d.asset_management-db-deployer#flowable-async-job-executor-thread-5594#
[PollExecuteTaskStatusExecution] acd85843-975e-40cc-b370-fbd6e6fdac87 [2026-03-23T13:33:29.590515] Security group rules were updated (STDOUT, CELL)#
#2026 03 23 13:33:38.609#Z#DEBUG#c67417aa-26bc-11f1-89ab-eeee0a92d33d.asset_management-db-deployer#flowable-async-job-executor-thread-5594#
[PollExecuteTaskStatusExecution] acd85843-975e-40cc-b370-fbd6e6fdac87 [2026-03-23T13:33:29.650551] Cell d1cc041a-d5a1-41d6-b9f6-6cda736ce3f0 successfully created container for instance 429c7689-1e16-4ed3-a8ac-06acd0bb4b12 (STDOUT, CELL)#
#2026 03 23 13:33:38.609#Z#DEBUG#c67417aa-26bc-11f1-89ab-eeee0a92d33d.asset_management-db-deployer#flowable-async-job-executor-thread-5594#
[PollExecuteTaskStatusExecution] acd85843-975e-40cc-b370-fbd6e6fdac87 [2026-03-23T13:33:30.062382] Cell 77283d80-dfa7-40ba-ba4e-265aef112085 successfully destroyed container for instance 64e98679-3b43-4ae3-89d8-d9466f2f2267 (STDOUT, STG)#
#2026 03 23 13:33:38.609#Z#DEBUG#c67417aa-26bc-11f1-89ab-eeee0a92d33d.asset_management-db-deployer#flowable-async-job-executor-thread-5594#
[PollExecuteTaskStatusExecution] acd85843-975e-40cc-b370-fbd6e6fdac87 [2026-03-23T13:33:32.765509] Invoking pre-start scripts. (STDOUT, APP/TASK/deploy)#
#2026 03 23 13:33:38.609#Z#DEBUG#c67417aa-26bc-11f1-89ab-eeee0a92d33d.asset_management-db-deployer#flowable-async-job-executor-thread-5594#
[PollExecuteTaskStatusExecution] acd85843-975e-40cc-b370-fbd6e6fdac87 [2026-03-23T13:33:32.908978] Invoking start command. (STDOUT, APP/TASK/deploy)#
#2026 03 23 13:33:38.609#Z#DEBUG#c67417aa-26bc-11f1-89ab-eeee0a92d33d.asset_management-db-deployer#flowable-async-job-executor-thread-5594#
[PollExecuteTaskStatusExecution] acd85843-975e-40cc-b370-fbd6e6fdac87 [2026-03-23T13:33:33.238279] > start (STDOUT, APP/TASK/deploy)#
#2026 03 23 13:33:38.609#Z#DEBUG#c67417aa-26bc-11f1-89ab-eeee0a92d33d.asset_management-db-deployer#flowable-async-job-executor-thread-5594#
[PollExecuteTaskStatusExecution] acd85843-975e-40cc-b370-fbd6e6fdac87 [2026-03-23T13:33:33.238302] > node node_modules/@sap/hdi-deploy/deploy.js --use-hdb --parameter com.sap.hana.di.table/try_fast_table_migration=true (STDOUT, APP/TASK/deploy)#
#2026 03 23 13:33:38.609#Z#DEBUG#c67417aa-26bc-11f1-89ab-eeee0a92d33d.asset_management-db-deployer#flowable-async-job-executor-thread-5594#
[PollExecuteTaskStatusExecution] acd85843-975e-40cc-b370-fbd6e6fdac87 [2026-03-23T13:33:33.347483] VCAP_SERVICES: (STDOUT, APP/TASK/deploy)#
#2026 03 23 13:33:38.609#Z#DEBUG#c67417aa-26bc-11f1-89ab-eeee0a92d33d.asset_management-db-deployer#flowable-async-job-executor-thread-5594#
[PollExecuteTaskStatusExecution] acd85843-975e-40cc-b370-fbd6e6fdac87 [2026-03-23T13:33:33.347633] { (STDOUT, APP/TASK/deploy)#
#2026 03 23 13:33:38.609#Z#DEBUG#c67417aa-26bc-11f1-89ab-eeee0a92d33d.asset_management-db-deployer#flowable-async-job-executor-thread-5594#
[PollExecuteTaskStatusExecution] acd85843-975e-40cc-b370-fbd6e6fdac87 [2026-03-23T13:33:33.347647] "hana": [ (STDOUT, APP/TASK/deploy)#
#2026 03 23 13:33:38.609#Z#DEBUG#c67417aa-26bc-11f1-89ab-eeee0a92d33d.asset_management-db-deployer#flowable-async-job-executor-thread-5594#
[PollExecuteTaskStatusExecution] acd85843-975e-40cc-b370-fbd6e6fdac87 [2026-03-23T13:33:33.347650] { (STDOUT, APP/TASK/deploy)#
#2026 03 23 13:33:38.609#Z#DEBUG#c67417aa-26bc-11f1-89ab-eeee0a92d33d.asset_management-db-deployer#flowable-async-job-executor-thread-5594#
[PollExecuteTaskStatusExecution] acd85843-975e-40cc-b370-fbd6e6fdac87 [2026-03-23T13:33:33.347654] "name": "asset_management-db", (STDOUT, APP/TASK/deploy)#
#2026 03 23 13:33:38.609#Z#DEBUG#c67417aa-26bc-11f1-89ab-eeee0a92d33d.asset_management-db-deployer#flowable-async-job-executor-thread-5594#
[PollExecuteTaskStatusExecution] acd85843-975e-40cc-b370-fbd6e6fdac87 [2026-03-23T13:33:33.347657] "label": "hana", (STDOUT, APP/TASK/deploy)#
#2026 03 23 13:33:38.609#Z#DEBUG#c67417aa-26bc-11f1-89ab-eeee0a92d33d.asset_management-db-deployer#flowable-async-job-executor-thread-5594#
[PollExecuteTaskStatusExecution] acd85843-975e-40cc-b370-fbd6e6fdac87 [2026-03-23T13:33:33.347663] "plan": "hdi-shared", (STDOUT, APP/TASK/deploy)#
#2026 03 23 13:33:38.609#Z#DEBUG#c67417aa-26bc-11f1-89ab-eeee0a92d33d.asset_management-db-deployer#flowable-async-job-executor-thread-5594#
[PollExecuteTaskStatusExecution] acd85843-975e-40cc-b370-fbd6e6fdac87 [2026-03-23T13:33:33.347667] "credentials": { (STDOUT, APP/TASK/deploy)#
#2026 03 23 13:33:38.609#Z#DEBUG#c67417aa-26bc-11f1-89ab-eeee0a92d33d.asset_management-db-deployer#flowable-async-job-executor-thread-5594#
[PollExecuteTaskStatusExecution] acd85843-975e-40cc-b370-fbd6e6fdac87 [2026-03-23T13:33:33.347669] "schema": "3E8282B4D3AE40F7BF06752824436556", (STDOUT, APP/TASK/deploy)#
#2026 03 23 13:33:38.609#Z#DEBUG#c67417aa-26bc-11f1-89ab-eeee0a92d33d.asset_management-db-deployer#flowable-async-job-executor-thread-5594#
[PollExecuteTaskStatusExecution] acd85843-975e-40cc-b370-fbd6e6fdac87 [2026-03-23T13:33:33.347671] "database_id": "64af45b4-7a34-4bb4-a5dd-730765194e95", (STDOUT, APP/TASK/deploy)#
#2026 03 23 13:33:38.609#Z#DEBUG#c67417aa-26bc-11f1-89ab-eeee0a92d33d.asset_management-db-deployer#flowable-async-job-executor-thread-5594#
[PollExecuteTaskStatusExecution] acd85843-975e-40cc-b370-fbd6e6fdac87 [2026-03-23T13:33:33.347677] "user": "3E8282B4D3AE40F7BF06752824436556_4QFVFOXSSORHEY6EIX6XXICGA_RT", (STDOUT, APP/TASK/deploy)#
#2026 03 23 13:33:38.609#Z#DEBUG#c67417aa-26bc-11f1-89ab-eeee0a92d33d.asset_management-db-deployer#flowable-async-job-executor-thread-5594#
[PollExecuteTaskStatusExecution] acd85843-975e-40cc-b370-fbd6e6fdac87 [2026-03-23T13:33:33.347680] "hdi_user": "3E8282B4D3AE40F7BF06752824436556_4QFVFOXSSORHEY6EIX6XXICGA_DT" (STDOUT, APP/TASK/deploy)#
#2026 03 23 13:33:38.609#Z#DEBUG#c67417aa-26bc-11f1-89ab-eeee0a92d33d.asset_management-db-deployer#flowable-async-job-executor-thread-5594#
[PollExecuteTaskStatusExecution] acd85843-975e-40cc-b370-fbd6e6fdac87 [2026-03-23T13:33:33.347681] }, (STDOUT, APP/TASK/deploy)#
#2026 03 23 13:33:38.609#Z#DEBUG#c67417aa-26bc-11f1-89ab-eeee0a92d33d.asset_management-db-deployer#flowable-async-job-executor-thread-5594#
[PollExecuteTaskStatusExecution] acd85843-975e-40cc-b370-fbd6e6fdac87 [2026-03-23T13:33:33.347683] "tags": [ (STDOUT, APP/TASK/deploy)#
#2026 03 23 13:33:38.609#Z#DEBUG#c67417aa-26bc-11f1-89ab-eeee0a92d33d.asset_management-db-deployer#flowable-async-job-executor-thread-5594#
[PollExecuteTaskStatusExecution] acd85843-975e-40cc-b370-fbd6e6fdac87 [2026-03-23T13:33:33.347685] "hana", (STDOUT, APP/TASK/deploy)#
#2026 03 23 13:33:38.609#Z#DEBUG#c67417aa-26bc-11f1-89ab-eeee0a92d33d.asset_management-db-deployer#flowable-async-job-executor-thread-5594#
[PollExecuteTaskStatusExecution] acd85843-975e-40cc-b370-fbd6e6fdac87 [2026-03-23T13:33:33.347687] "database", (STDOUT, APP/TASK/deploy)#
#2026 03 23 13:33:38.609#Z#DEBUG#c67417aa-26bc-11f1-89ab-eeee0a92d33d.asset_management-db-deployer#flowable-async-job-executor-thread-5594#
[PollExecuteTaskStatusExecution] acd85843-975e-40cc-b370-fbd6e6fdac87 [2026-03-23T13:33:33.347691] "relational" (STDOUT, APP/TASK/deploy)#
#2026 03 23 13:33:38.609#Z#DEBUG#c67417aa-26bc-11f1-89ab-eeee0a92d33d.asset_management-db-deployer#flowable-async-job-executor-thread-5594#
[PollExecuteTaskStatusExecution] acd85843-975e-40cc-b370-fbd6e6fdac87 [2026-03-23T13:33:33.347693] ] (STDOUT, APP/TASK/deploy)#
#2026 03 23 13:33:38.609#Z#DEBUG#c67417aa-26bc-11f1-89ab-eeee0a92d33d.asset_management-db-deployer#flowable-async-job-executor-thread-5594#
[PollExecuteTaskStatusExecution] acd85843-975e-40cc-b370-fbd6e6fdac87 [2026-03-23T13:33:33.347695] } (STDOUT, APP/TASK/deploy)#
#2026 03 23 13:33:38.609#Z#DEBUG#c67417aa-26bc-11f1-89ab-eeee0a92d33d.asset_management-db-deployer#flowable-async-job-executor-thread-5594#
[PollExecuteTaskStatusExecution] acd85843-975e-40cc-b370-fbd6e6fdac87 [2026-03-23T13:33:33.347697] ] (STDOUT, APP/TASK/deploy)#
#2026 03 23 13:33:38.609#Z#DEBUG#c67417aa-26bc-11f1-89ab-eeee0a92d33d.asset_management-db-deployer#flowable-async-job-executor-thread-5594#
[PollExecuteTaskStatusExecution] acd85843-975e-40cc-b370-fbd6e6fdac87 [2026-03-23T13:33:33.347698] } (STDOUT, APP/TASK/deploy)#
#2026 03 23 13:33:38.609#Z#DEBUG#c67417aa-26bc-11f1-89ab-eeee0a92d33d.asset_management-db-deployer#flowable-async-job-executor-thread-5594#
[PollExecuteTaskStatusExecution] acd85843-975e-40cc-b370-fbd6e6fdac87 [2026-03-23T13:33:33.648940] @sap/hdi-deploy, version 5.6.1 (mode default), server version 4.00.000.00.1770715222 (4.0.0.0), cloud version 2025.40.13, node version 24.13.0, HDI version 1016, container API version 1007 (STDOUT, APP/TASK/deploy)#
#2026 03 23 13:33:38.609#Z#DEBUG#c67417aa-26bc-11f1-89ab-eeee0a92d33d.asset_management-db-deployer#flowable-async-job-executor-thread-5594#
[PollExecuteTaskStatusExecution] acd85843-975e-40cc-b370-fbd6e6fdac87 [2026-03-23T13:33:33.649090] Deployment started at 2026-03-23 13:33:33 (STDOUT, APP/TASK/deploy)#
#2026 03 23 13:33:38.609#Z#DEBUG#c67417aa-26bc-11f1-89ab-eeee0a92d33d.asset_management-db-deployer#flowable-async-job-executor-thread-5594#
[PollExecuteTaskStatusExecution] acd85843-975e-40cc-b370-fbd6e6fdac87 [2026-03-23T13:33:33.649318] Using hdb@2.27.1 for connection (STDOUT, APP/TASK/deploy)#
#2026 03 23 13:33:38.609#Z#DEBUG#c67417aa-26bc-11f1-89ab-eeee0a92d33d.asset_management-db-deployer#flowable-async-job-executor-thread-5594#
[PollExecuteTaskStatusExecution] acd85843-975e-40cc-b370-fbd6e6fdac87 [2026-03-23T13:33:33.663692] No ignore file at /home/vcap/app/.hdiignore. (STDOUT, APP/TASK/deploy)#
#2026 03 23 13:33:38.609#Z#DEBUG#c67417aa-26bc-11f1-89ab-eeee0a92d33d.asset_management-db-deployer#flowable-async-job-executor-thread-5594#
[PollExecuteTaskStatusExecution] acd85843-975e-40cc-b370-fbd6e6fdac87 [2026-03-23T13:33:33.663914] Collecting files... (STDOUT, APP/TASK/deploy)#
#2026 03 23 13:33:38.609#Z#DEBUG#c67417aa-26bc-11f1-89ab-eeee0a92d33d.asset_management-db-deployer#flowable-async-job-executor-thread-5594#
[PollExecuteTaskStatusExecution] acd85843-975e-40cc-b370-fbd6e6fdac87 [2026-03-23T13:33:33.666799] Collecting files... ok (0s 3ms) (STDOUT, APP/TASK/deploy)#
#2026 03 23 13:33:38.609#Z#DEBUG#c67417aa-26bc-11f1-89ab-eeee0a92d33d.asset_management-db-deployer#flowable-async-job-executor-thread-5594#
[PollExecuteTaskStatusExecution] acd85843-975e-40cc-b370-fbd6e6fdac87 [2026-03-23T13:33:33.666819] 7 directories collected (STDOUT, APP/TASK/deploy)#
#2026 03 23 13:33:38.609#Z#DEBUG#c67417aa-26bc-11f1-89ab-eeee0a92d33d.asset_management-db-deployer#flowable-async-job-executor-thread-5594#
[PollExecuteTaskStatusExecution] acd85843-975e-40cc-b370-fbd6e6fdac87 [2026-03-23T13:33:33.666822] 30 files collected (STDOUT, APP/TASK/deploy)#
#2026 03 23 13:33:38.609#Z#DEBUG#c67417aa-26bc-11f1-89ab-eeee0a92d33d.asset_management-db-deployer#flowable-async-job-executor-thread-5594#
[PollExecuteTaskStatusExecution] acd85843-975e-40cc-b370-fbd6e6fdac87 [2026-03-23T13:33:33.666825] 0 reusable modules collected (STDOUT, APP/TASK/deploy)#
#2026 03 23 13:33:38.609#Z#DEBUG#c67417aa-26bc-11f1-89ab-eeee0a92d33d.asset_management-db-deployer#flowable-async-job-executor-thread-5594#
[PollExecuteTaskStatusExecution] acd85843-975e-40cc-b370-fbd6e6fdac87 [2026-03-23T13:33:33.666840] Target service: asset_management-db (STDOUT, APP/TASK/deploy)#
#2026 03 23 13:33:38.609#Z#DEBUG#c67417aa-26bc-11f1-89ab-eeee0a92d33d.asset_management-db-deployer#flowable-async-job-executor-thread-5594#
[PollExecuteTaskStatusExecution] acd85843-975e-40cc-b370-fbd6e6fdac87 [2026-03-23T13:33:33.803689] Previous build with request ID 2605 finished at 2026-03-23T13:32:00.932 with status Rolled back and message: Starting make in the container "3E8282B4D3AE40F7BF06752824436556" with 0 files to deploy, 0 files to undeploy... ok. (STDOUT, APP/TASK/deploy)#
#2026 03 23 13:33:38.609#Z#DEBUG#c67417aa-26bc-11f1-89ab-eeee0a92d33d.asset_management-db-deployer#flowable-async-job-executor-thread-5594#
[PollExecuteTaskStatusExecution] acd85843-975e-40cc-b370-fbd6e6fdac87 [2026-03-23T13:33:33.803727] Processing revoke files... (STDOUT, APP/TASK/deploy)#
#2026 03 23 13:33:38.609#Z#DEBUG#c67417aa-26bc-11f1-89ab-eeee0a92d33d.asset_management-db-deployer#flowable-async-job-executor-thread-5594#
[PollExecuteTaskStatusExecution] acd85843-975e-40cc-b370-fbd6e6fdac87 [2026-03-23T13:33:33.803820] Processing revoke files... ok (0s 0ms) (STDOUT, APP/TASK/deploy)#
#2026 03 23 13:33:38.609#Z#DEBUG#c67417aa-26bc-11f1-89ab-eeee0a92d33d.asset_management-db-deployer#flowable-async-job-executor-thread-5594#
[PollExecuteTaskStatusExecution] acd85843-975e-40cc-b370-fbd6e6fdac87 [2026-03-23T13:33:33.803945] Processing grants files... (STDOUT, APP/TASK/deploy)#
#2026 03 23 13:33:38.609#Z#DEBUG#c67417aa-26bc-11f1-89ab-eeee0a92d33d.asset_management-db-deployer#flowable-async-job-executor-thread-5594#
[PollExecuteTaskStatusExecution] acd85843-975e-40cc-b370-fbd6e6fdac87 [2026-03-23T13:33:33.803982] Processing grants files... ok (0s 0ms) (STDOUT, APP/TASK/deploy)#
#2026 03 23 13:33:38.609#Z#DEBUG#c67417aa-26bc-11f1-89ab-eeee0a92d33d.asset_management-db-deployer#flowable-async-job-executor-thread-5594#
[PollExecuteTaskStatusExecution] acd85843-975e-40cc-b370-fbd6e6fdac87 [2026-03-23T13:33:33.806297] Preprocessing files... (STDOUT, APP/TASK/deploy)#
#2026 03 23 13:33:38.609#Z#DEBUG#c67417aa-26bc-11f1-89ab-eeee0a92d33d.asset_management-db-deployer#flowable-async-job-executor-thread-5594#
[PollExecuteTaskStatusExecution] acd85843-975e-40cc-b370-fbd6e6fdac87 [2026-03-23T13:33:33.806395] Preprocessing files... ok (0s 0ms) (STDOUT, APP/TASK/deploy)#
#2026 03 23 13:33:38.609#Z#DEBUG#c67417aa-26bc-11f1-89ab-eeee0a92d33d.asset_management-db-deployer#flowable-async-job-executor-thread-5594#
[PollExecuteTaskStatusExecution] acd85843-975e-40cc-b370-fbd6e6fdac87 [2026-03-23T13:33:33.806443] Connecting to the container "3E8282B4D3AE40F7BF06752824436556"... (STDOUT, APP/TASK/deploy)#
#2026 03 23 13:33:38.609#Z#DEBUG#c67417aa-26bc-11f1-89ab-eeee0a92d33d.asset_management-db-deployer#flowable-async-job-executor-thread-5594#
[PollExecuteTaskStatusExecution] acd85843-975e-40cc-b370-fbd6e6fdac87 [2026-03-23T13:33:33.860276] Connecting to the container "3E8282B4D3AE40F7BF06752824436556"... ok (0s 54ms) (STDOUT, APP/TASK/deploy)#
#2026 03 23 13:33:38.609#Z#DEBUG#c67417aa-26bc-11f1-89ab-eeee0a92d33d.asset_management-db-deployer#flowable-async-job-executor-thread-5594#
[PollExecuteTaskStatusExecution] acd85843-975e-40cc-b370-fbd6e6fdac87 [2026-03-23T13:33:33.860304] Locking the container "3E8282B4D3AE40F7BF06752824436556"... (STDOUT, APP/TASK/deploy)#
#2026 03 23 13:33:38.609#Z#DEBUG#c67417aa-26bc-11f1-89ab-eeee0a92d33d.asset_management-db-deployer#flowable-async-job-executor-thread-5594#
[PollExecuteTaskStatusExecution] acd85843-975e-40cc-b370-fbd6e6fdac87 [2026-03-23T13:33:33.988898] Locking the container "3E8282B4D3AE40F7BF06752824436556"... ok (0s 129ms) (STDOUT, APP/TASK/deploy)#
#2026 03 23 13:33:38.609#Z#DEBUG#c67417aa-26bc-11f1-89ab-eeee0a92d33d.asset_management-db-deployer#flowable-async-job-executor-thread-5594#
[PollExecuteTaskStatusExecution] acd85843-975e-40cc-b370-fbd6e6fdac87 [2026-03-23T13:33:33.988930] Synchronizing files with the container "3E8282B4D3AE40F7BF06752824436556"... (STDOUT, APP/TASK/deploy)#
#2026 03 23 13:33:38.609#Z#DEBUG#c67417aa-26bc-11f1-89ab-eeee0a92d33d.asset_management-db-deployer#flowable-async-job-executor-thread-5594#
[PollExecuteTaskStatusExecution] acd85843-975e-40cc-b370-fbd6e6fdac87 [2026-03-23T13:33:34.192025] Deleting files... (STDOUT, APP/TASK/deploy)#
#2026 03 23 13:33:38.609#Z#DEBUG#c67417aa-26bc-11f1-89ab-eeee0a92d33d.asset_management-db-deployer#flowable-async-job-executor-thread-5594#
[PollExecuteTaskStatusExecution] acd85843-975e-40cc-b370-fbd6e6fdac87 [2026-03-23T13:33:34.334298] Deleting files... ok (STDOUT, APP/TASK/deploy)#
#2026 03 23 13:33:38.609#Z#DEBUG#c67417aa-26bc-11f1-89ab-eeee0a92d33d.asset_management-db-deployer#flowable-async-job-executor-thread-5594#
[PollExecuteTaskStatusExecution] acd85843-975e-40cc-b370-fbd6e6fdac87 [2026-03-23T13:33:34.334319] Writing files... (STDOUT, APP/TASK/deploy)#
#2026 03 23 13:33:38.609#Z#DEBUG#c67417aa-26bc-11f1-89ab-eeee0a92d33d.asset_management-db-deployer#flowable-async-job-executor-thread-5594#
[PollExecuteTaskStatusExecution] acd85843-975e-40cc-b370-fbd6e6fdac87 [2026-03-23T13:33:34.334447] Writing 7 items (STDOUT, APP/TASK/deploy)#
#2026 03 23 13:33:38.609#Z#DEBUG#c67417aa-26bc-11f1-89ab-eeee0a92d33d.asset_management-db-deployer#flowable-async-job-executor-thread-5594#
[PollExecuteTaskStatusExecution] acd85843-975e-40cc-b370-fbd6e6fdac87 [2026-03-23T13:33:34.525150] Writing files... ok (STDOUT, APP/TASK/deploy)#
#2026 03 23 13:33:38.609#Z#DEBUG#c67417aa-26bc-11f1-89ab-eeee0a92d33d.asset_management-db-deployer#flowable-async-job-executor-thread-5594#
[PollExecuteTaskStatusExecution] acd85843-975e-40cc-b370-fbd6e6fdac87 [2026-03-23T13:33:34.525176] Synchronizing files with the container "3E8282B4D3AE40F7BF06752824436556"... ok (0s 536ms) (STDOUT, APP/TASK/deploy)#
#2026 03 23 13:33:38.609#Z#DEBUG#c67417aa-26bc-11f1-89ab-eeee0a92d33d.asset_management-db-deployer#flowable-async-job-executor-thread-5594#
[PollExecuteTaskStatusExecution] acd85843-975e-40cc-b370-fbd6e6fdac87 [2026-03-23T13:33:34.525390] added files: [] (STDOUT, APP/TASK/deploy)#
#2026 03 23 13:33:38.609#Z#DEBUG#c67417aa-26bc-11f1-89ab-eeee0a92d33d.asset_management-db-deployer#flowable-async-job-executor-thread-5594#
[PollExecuteTaskStatusExecution] acd85843-975e-40cc-b370-fbd6e6fdac87 [2026-03-23T13:33:34.525398] modified files: [] (STDOUT, APP/TASK/deploy)#
#2026 03 23 13:33:38.609#Z#DEBUG#c67417aa-26bc-11f1-89ab-eeee0a92d33d.asset_management-db-deployer#flowable-async-job-executor-thread-5594#
[PollExecuteTaskStatusExecution] acd85843-975e-40cc-b370-fbd6e6fdac87 [2026-03-23T13:33:34.525401] deleted files: [] (STDOUT, APP/TASK/deploy)#
#2026 03 23 13:33:38.609#Z#DEBUG#c67417aa-26bc-11f1-89ab-eeee0a92d33d.asset_management-db-deployer#flowable-async-job-executor-thread-5594#
[PollExecuteTaskStatusExecution] acd85843-975e-40cc-b370-fbd6e6fdac87 [2026-03-23T13:33:34.525490] 0 modified or added files are scheduled for deploy based on delta detection (STDOUT, APP/TASK/deploy)#
#2026 03 23 13:33:38.609#Z#DEBUG#c67417aa-26bc-11f1-89ab-eeee0a92d33d.asset_management-db-deployer#flowable-async-job-executor-thread-5594#
[PollExecuteTaskStatusExecution] acd85843-975e-40cc-b370-fbd6e6fdac87 [2026-03-23T13:33:34.525639] 0 deleted files are scheduled for undeploy based on delta detection (filtered by undeploy allowlist) (STDOUT, APP/TASK/deploy)#
#2026 03 23 13:33:38.609#Z#DEBUG#c67417aa-26bc-11f1-89ab-eeee0a92d33d.asset_management-db-deployer#flowable-async-job-executor-thread-5594#
[PollExecuteTaskStatusExecution] acd85843-975e-40cc-b370-fbd6e6fdac87 [2026-03-23T13:33:34.525667] 0 files are scheduled for deploy based on explicit specification (STDOUT, APP/TASK/deploy)#
#2026 03 23 13:33:38.609#Z#DEBUG#c67417aa-26bc-11f1-89ab-eeee0a92d33d.asset_management-db-deployer#flowable-async-job-executor-thread-5594#
[PollExecuteTaskStatusExecution] acd85843-975e-40cc-b370-fbd6e6fdac87 [2026-03-23T13:33:34.525670] 0 files are scheduled for undeploy based on explicit specification (STDOUT, APP/TASK/deploy)#
#2026 03 23 13:33:38.609#Z#DEBUG#c67417aa-26bc-11f1-89ab-eeee0a92d33d.asset_management-db-deployer#flowable-async-job-executor-thread-5594#
[PollExecuteTaskStatusExecution] acd85843-975e-40cc-b370-fbd6e6fdac87 [2026-03-23T13:33:34.525717] Deploying to the container "3E8282B4D3AE40F7BF06752824436556"... (STDOUT, APP/TASK/deploy)#
#2026 03 23 13:33:38.609#Z#DEBUG#c67417aa-26bc-11f1-89ab-eeee0a92d33d.asset_management-db-deployer#flowable-async-job-executor-thread-5594#
[PollExecuteTaskStatusExecution] acd85843-975e-40cc-b370-fbd6e6fdac87 [2026-03-23T13:33:34.788136] Starting make in the container "3E8282B4D3AE40F7BF06752824436556" with 0 files to deploy, 0 files to undeploy... (STDOUT, APP/TASK/deploy)#
#2026 03 23 13:33:38.609#Z#DEBUG#c67417aa-26bc-11f1-89ab-eeee0a92d33d.asset_management-db-deployer#flowable-async-job-executor-thread-5594#
[PollExecuteTaskStatusExecution] acd85843-975e-40cc-b370-fbd6e6fdac87 [2026-03-23T13:33:34.788166] Disabling table replication for the container schema "3E8282B4D3AE40F7BF06752824436556"... (STDOUT, APP/TASK/deploy)#
#2026 03 23 13:33:38.609#Z#DEBUG#c67417aa-26bc-11f1-89ab-eeee0a92d33d.asset_management-db-deployer#flowable-async-job-executor-thread-5594#
[PollExecuteTaskStatusExecution] acd85843-975e-40cc-b370-fbd6e6fdac87 [2026-03-23T13:33:34.788172] Disabling table replication for the container schema "3E8282B4D3AE40F7BF06752824436556"... ok (0s 9ms) (STDOUT, APP/TASK/deploy)#
#2026 03 23 13:33:38.609#Z#DEBUG#c67417aa-26bc-11f1-89ab-eeee0a92d33d.asset_management-db-deployer#flowable-async-job-executor-thread-5594#
[PollExecuteTaskStatusExecution] acd85843-975e-40cc-b370-fbd6e6fdac87 [2026-03-23T13:33:34.788177] Migrating libraries... (STDOUT, APP/TASK/deploy)#
#2026 03 23 13:33:38.609#Z#DEBUG#c67417aa-26bc-11f1-89ab-eeee0a92d33d.asset_management-db-deployer#flowable-async-job-executor-thread-5594#
[PollExecuteTaskStatusExecution] acd85843-975e-40cc-b370-fbd6e6fdac87 [2026-03-23T13:33:34.788182] Migrating libraries... ok (0s 12ms) (STDOUT, APP/TASK/deploy)#
#2026 03 23 13:33:38.609#Z#DEBUG#c67417aa-26bc-11f1-89ab-eeee0a92d33d.asset_management-db-deployer#flowable-async-job-executor-thread-5594#
[PollExecuteTaskStatusExecution] acd85843-975e-40cc-b370-fbd6e6fdac87 [2026-03-23T13:33:34.788186] Making... (STDOUT, APP/TASK/deploy)#
#2026 03 23 13:33:38.609#Z#DEBUG#c67417aa-26bc-11f1-89ab-eeee0a92d33d.asset_management-db-deployer#flowable-async-job-executor-thread-5594#
[PollExecuteTaskStatusExecution] acd85843-975e-40cc-b370-fbd6e6fdac87 [2026-03-23T13:33:34.788192] Preparing... (STDOUT, APP/TASK/deploy)#
#2026 03 23 13:33:38.609#Z#DEBUG#c67417aa-26bc-11f1-89ab-eeee0a92d33d.asset_management-db-deployer#flowable-async-job-executor-thread-5594#
[PollExecuteTaskStatusExecution] acd85843-975e-40cc-b370-fbd6e6fdac87 [2026-03-23T13:33:34.788195] Preparing... ok (0s 0ms) (STDOUT, APP/TASK/deploy)#
#2026 03 23 13:33:38.609#Z#DEBUG#c67417aa-26bc-11f1-89ab-eeee0a92d33d.asset_management-db-deployer#flowable-async-job-executor-thread-5594#
[PollExecuteTaskStatusExecution] acd85843-975e-40cc-b370-fbd6e6fdac87 [2026-03-23T13:33:34.788199] Preparing the make transaction... (STDOUT, APP/TASK/deploy)#
#2026 03 23 13:33:38.609#Z#DEBUG#c67417aa-26bc-11f1-89ab-eeee0a92d33d.asset_management-db-deployer#flowable-async-job-executor-thread-5594#
[PollExecuteTaskStatusExecution] acd85843-975e-40cc-b370-fbd6e6fdac87 [2026-03-23T13:33:34.788202] Preparing the make transaction... ok (0s 8ms) (STDOUT, APP/TASK/deploy)#
#2026 03 23 13:33:38.609#Z#DEBUG#c67417aa-26bc-11f1-89ab-eeee0a92d33d.asset_management-db-deployer#flowable-async-job-executor-thread-5594#
[PollExecuteTaskStatusExecution] acd85843-975e-40cc-b370-fbd6e6fdac87 [2026-03-23T13:33:34.788206] Calculating dependencies... (STDOUT, APP/TASK/deploy)#
#2026 03 23 13:33:38.609#Z#DEBUG#c67417aa-26bc-11f1-89ab-eeee0a92d33d.asset_management-db-deployer#flowable-async-job-executor-thread-5594#
[PollExecuteTaskStatusExecution] acd85843-975e-40cc-b370-fbd6e6fdac87 [2026-03-23T13:33:34.788210] Expanding... (STDOUT, APP/TASK/deploy)#
#2026 03 23 13:33:38.609#Z#DEBUG#c67417aa-26bc-11f1-89ab-eeee0a92d33d.asset_management-db-deployer#flowable-async-job-executor-thread-5594#
[PollExecuteTaskStatusExecution] acd85843-975e-40cc-b370-fbd6e6fdac87 [2026-03-23T13:33:34.788213] Expanding... ok (0s 4ms) (STDOUT, APP/TASK/deploy)#
#2026 03 23 13:33:38.609#Z#DEBUG#c67417aa-26bc-11f1-89ab-eeee0a92d33d.asset_management-db-deployer#flowable-async-job-executor-thread-5594#
[PollExecuteTaskStatusExecution] acd85843-975e-40cc-b370-fbd6e6fdac87 [2026-03-23T13:33:34.788218] Precompiling... (STDOUT, APP/TASK/deploy)#
#2026 03 23 13:33:38.609#Z#DEBUG#c67417aa-26bc-11f1-89ab-eeee0a92d33d.asset_management-db-deployer#flowable-async-job-executor-thread-5594#
[PollExecuteTaskStatusExecution] acd85843-975e-40cc-b370-fbd6e6fdac87 [2026-03-23T13:33:34.788243] Precompiling... ok (0s 0ms) (STDOUT, APP/TASK/deploy)#
#2026 03 23 13:33:38.609#Z#DEBUG#c67417aa-26bc-11f1-89ab-eeee0a92d33d.asset_management-db-deployer#flowable-async-job-executor-thread-5594#
[PollExecuteTaskStatusExecution] acd85843-975e-40cc-b370-fbd6e6fdac87 [2026-03-23T13:33:34.788247] Merging... (STDOUT, APP/TASK/deploy)#
#2026 03 23 13:33:38.609#Z#DEBUG#c67417aa-26bc-11f1-89ab-eeee0a92d33d.asset_management-db-deployer#flowable-async-job-executor-thread-5594#
[PollExecuteTaskStatusExecution] acd85843-975e-40cc-b370-fbd6e6fdac87 [2026-03-23T13:33:34.788250] Merging... ok (0s 0ms) (STDOUT, APP/TASK/deploy)#
#2026 03 23 13:33:38.609#Z#DEBUG#c67417aa-26bc-11f1-89ab-eeee0a92d33d.asset_management-db-deployer#flowable-async-job-executor-thread-5594#
[PollExecuteTaskStatusExecution] acd85843-975e-40cc-b370-fbd6e6fdac87 [2026-03-23T13:33:34.788254] Calculating dependencies... ok (0s 4ms) (STDOUT, APP/TASK/deploy)#
#2026 03 23 13:33:38.609#Z#DEBUG#c67417aa-26bc-11f1-89ab-eeee0a92d33d.asset_management-db-deployer#flowable-async-job-executor-thread-5594#
[PollExecuteTaskStatusExecution] acd85843-975e-40cc-b370-fbd6e6fdac87 [2026-03-23T13:33:34.788257] No make necessary (STDOUT, APP/TASK/deploy)#
#2026 03 23 13:33:38.609#Z#DEBUG#c67417aa-26bc-11f1-89ab-eeee0a92d33d.asset_management-db-deployer#flowable-async-job-executor-thread-5594#
[PollExecuteTaskStatusExecution] acd85843-975e-40cc-b370-fbd6e6fdac87 [2026-03-23T13:33:34.788260] Making... ok (0s 39ms) (STDOUT, APP/TASK/deploy)#
#2026 03 23 13:33:38.609#Z#DEBUG#c67417aa-26bc-11f1-89ab-eeee0a92d33d.asset_management-db-deployer#flowable-async-job-executor-thread-5594#
[PollExecuteTaskStatusExecution] acd85843-975e-40cc-b370-fbd6e6fdac87 [2026-03-23T13:33:34.788264] Enabling table replication for the container schema "3E8282B4D3AE40F7BF06752824436556"... (STDOUT, APP/TASK/deploy)#
#2026 03 23 13:33:38.609#Z#DEBUG#c67417aa-26bc-11f1-89ab-eeee0a92d33d.asset_management-db-deployer#flowable-async-job-executor-thread-5594#
[PollExecuteTaskStatusExecution] acd85843-975e-40cc-b370-fbd6e6fdac87 [2026-03-23T13:33:34.788268] Enabling table replication for the container schema "3E8282B4D3AE40F7BF06752824436556"... ok (0s 9ms) (STDOUT, APP/TASK/deploy)#
#2026 03 23 13:33:38.609#Z#DEBUG#c67417aa-26bc-11f1-89ab-eeee0a92d33d.asset_management-db-deployer#flowable-async-job-executor-thread-5594#
[PollExecuteTaskStatusExecution] acd85843-975e-40cc-b370-fbd6e6fdac87 [2026-03-23T13:33:34.788272] Starting make in the container "3E8282B4D3AE40F7BF06752824436556" with 0 files to deploy, 0 files to undeploy... ok (0s 75ms) (STDOUT, APP/TASK/deploy)#
#2026 03 23 13:33:38.609#Z#DEBUG#c67417aa-26bc-11f1-89ab-eeee0a92d33d.asset_management-db-deployer#flowable-async-job-executor-thread-5594#
[PollExecuteTaskStatusExecution] acd85843-975e-40cc-b370-fbd6e6fdac87 [2026-03-23T13:33:34.788566] Deploying to the container "3E8282B4D3AE40F7BF06752824436556"... ok (0s 263ms) (STDOUT, APP/TASK/deploy)#
#2026 03 23 13:33:38.609#Z#DEBUG#c67417aa-26bc-11f1-89ab-eeee0a92d33d.asset_management-db-deployer#flowable-async-job-executor-thread-5594#
[PollExecuteTaskStatusExecution] acd85843-975e-40cc-b370-fbd6e6fdac87 [2026-03-23T13:33:34.788731] No default-access-role handling needed; global role "3E8282B4D3AE40F7BF06752824436556::access_role" will not be adapted (STDOUT, APP/TASK/deploy)#
#2026 03 23 13:33:38.609#Z#DEBUG#c67417aa-26bc-11f1-89ab-eeee0a92d33d.asset_management-db-deployer#flowable-async-job-executor-thread-5594#
[PollExecuteTaskStatusExecution] acd85843-975e-40cc-b370-fbd6e6fdac87 [2026-03-23T13:33:34.788814] Unlocking the container "3E8282B4D3AE40F7BF06752824436556"... (STDOUT, APP/TASK/deploy)#
#2026 03 23 13:33:38.609#Z#DEBUG#c67417aa-26bc-11f1-89ab-eeee0a92d33d.asset_management-db-deployer#flowable-async-job-executor-thread-5594#
[PollExecuteTaskStatusExecution] acd85843-975e-40cc-b370-fbd6e6fdac87 [2026-03-23T13:33:34.789126] Unlocking the container "3E8282B4D3AE40F7BF06752824436556"... ok (0s 0ms) (STDOUT, APP/TASK/deploy)#
#2026 03 23 13:33:38.609#Z#DEBUG#c67417aa-26bc-11f1-89ab-eeee0a92d33d.asset_management-db-deployer#flowable-async-job-executor-thread-5594#
[PollExecuteTaskStatusExecution] acd85843-975e-40cc-b370-fbd6e6fdac87 [2026-03-23T13:33:34.789220] Deployment to container 3E8282B4D3AE40F7BF06752824436556 done [Deployment ID: none]. (STDOUT, APP/TASK/deploy)#
#2026 03 23 13:33:38.609#Z#DEBUG#c67417aa-26bc-11f1-89ab-eeee0a92d33d.asset_management-db-deployer#flowable-async-job-executor-thread-5594#
[PollExecuteTaskStatusExecution] acd85843-975e-40cc-b370-fbd6e6fdac87 [2026-03-23T13:33:34.789518] Deployment ended at 2026-03-23 13:33:34 (STDOUT, APP/TASK/deploy)#
#2026 03 23 13:33:38.609#Z#DEBUG#c67417aa-26bc-11f1-89ab-eeee0a92d33d.asset_management-db-deployer#flowable-async-job-executor-thread-5594#
[PollExecuteTaskStatusExecution] acd85843-975e-40cc-b370-fbd6e6fdac87 [2026-03-23T13:33:34.789748] (1s 522ms) (STDOUT, APP/TASK/deploy)#
#2026 03 23 13:33:38.609#Z#DEBUG#c67417aa-26bc-11f1-89ab-eeee0a92d33d.asset_management-db-deployer#flowable-async-job-executor-thread-5594#
[PollExecuteTaskStatusExecution] acd85843-975e-40cc-b370-fbd6e6fdac87 [2026-03-23T13:33:34.800276] npm notice (STDERR, APP/TASK/deploy)#
#2026 03 23 13:33:38.609#Z#DEBUG#c67417aa-26bc-11f1-89ab-eeee0a92d33d.asset_management-db-deployer#flowable-async-job-executor-thread-5594#
[PollExecuteTaskStatusExecution] acd85843-975e-40cc-b370-fbd6e6fdac87 [2026-03-23T13:33:34.800291] npm notice New minor version of npm available! 11.6.2 -> 11.12.0 (STDERR, APP/TASK/deploy)#
#2026 03 23 13:33:38.609#Z#DEBUG#c67417aa-26bc-11f1-89ab-eeee0a92d33d.asset_management-db-deployer#flowable-async-job-executor-thread-5594#
[PollExecuteTaskStatusExecution] acd85843-975e-40cc-b370-fbd6e6fdac87 [2026-03-23T13:33:34.800297] npm notice Changelog: https://github.com/npm/cli/releases/tag/v11.12.0 (STDERR, APP/TASK/deploy)#
#2026 03 23 13:33:38.609#Z#DEBUG#c67417aa-26bc-11f1-89ab-eeee0a92d33d.asset_management-db-deployer#flowable-async-job-executor-thread-5594#
[PollExecuteTaskStatusExecution] acd85843-975e-40cc-b370-fbd6e6fdac87 [2026-03-23T13:33:34.800301] npm notice To update run: npm install -g npm@11.12.0 (STDERR, APP/TASK/deploy)#
#2026 03 23 13:33:38.609#Z#DEBUG#c67417aa-26bc-11f1-89ab-eeee0a92d33d.asset_management-db-deployer#flowable-async-job-executor-thread-5594#
[PollExecuteTaskStatusExecution] acd85843-975e-40cc-b370-fbd6e6fdac87 [2026-03-23T13:33:34.800303] npm notice (STDERR, APP/TASK/deploy)#
#2026 03 23 13:33:38.609#Z#DEBUG#c67417aa-26bc-11f1-89ab-eeee0a92d33d.asset_management-db-deployer#flowable-async-job-executor-thread-5594#
[PollExecuteTaskStatusExecution] acd85843-975e-40cc-b370-fbd6e6fdac87 [2026-03-23T13:33:34.857804] Exit status 0 (STDOUT, APP/TASK/deploy)#
#2026 03 23 13:33:38.609#Z#DEBUG#c67417aa-26bc-11f1-89ab-eeee0a92d33d.asset_management-db-deployer#flowable-async-job-executor-thread-5594#
[PollExecuteTaskStatusExecution] acd85843-975e-40cc-b370-fbd6e6fdac87 [2026-03-23T13:33:35.501952] Cell d1cc041a-d5a1-41d6-b9f6-6cda736ce3f0 stopping instance 429c7689-1e16-4ed3-a8ac-06acd0bb4b12 (STDOUT, CELL)#
#2026 03 23 13:33:38.609#Z#DEBUG#c67417aa-26bc-11f1-89ab-eeee0a92d33d.asset_management-db-deployer#flowable-async-job-executor-thread-5594#
[PollExecuteTaskStatusExecution] acd85843-975e-40cc-b370-fbd6e6fdac87 [2026-03-23T13:33:35.501989] Cell d1cc041a-d5a1-41d6-b9f6-6cda736ce3f0 destroying container for instance 429c7689-1e16-4ed3-a8ac-06acd0bb4b12 (STDOUT, CELL)#
#2026 03 23 13:33:38.609#Z#DEBUG#c67417aa-26bc-11f1-89ab-eeee0a92d33d.asset_management-db-deployer#flowable-async-job-executor-thread-5594#
[PollExecuteTaskStatusExecution] acd85843-975e-40cc-b370-fbd6e6fdac87 [2026-03-23T13:33:37.581181] Cell d1cc041a-d5a1-41d6-b9f6-6cda736ce3f0 successfully destroyed container for instance 429c7689-1e16-4ed3-a8ac-06acd0bb4b12 (STDOUT, CELL)#
